{
  "stats": {
    "suites": 1,
    "tests": 2,
    "passes": 2,
    "pending": 0,
    "failures": 0,
    "start": "2023-05-11T09:17:46.414Z",
    "end": "2023-05-11T09:18:04.913Z",
    "duration": 18499,
    "testsRegistered": 2,
    "passPercent": 100,
    "pendingPercent": 0,
    "other": 0,
    "hasOther": false,
    "skipped": 0,
    "hasSkipped": false
  },
  "results": [
    {
      "uuid": "7dee742a-9e31-4dd5-9435-b9407ce014b7",
      "title": "",
      "fullFile": "/Users/hakantektas/git_clone/wd-mocha-appium-momentumsuite/examples/getting-started/specs/firstTest.js",
      "file": "/examples/getting-started/specs/firstTest.js",
      "beforeHooks": [],
      "afterHooks": [],
      "tests": [],
      "suites": [
        {
          "uuid": "50bf7e1f-ca3a-42cb-9e47-d16b398c90b6",
          "title": "sample test",
          "fullFile": "/Users/hakantektas/git_clone/wd-mocha-appium-momentumsuite/examples/getting-started/specs/firstTest.js",
          "file": "/examples/getting-started/specs/firstTest.js",
          "beforeHooks": [
            {
              "title": "\"before all\" hook in \"sample test\"",
              "fullTitle": "sample test \"before all\" hook in \"sample test\"",
              "timedOut": false,
              "duration": 8149,
              "state": null,
              "speed": null,
              "pass": false,
              "fail": false,
              "pending": false,
              "context": null,
              "code": "driver = wd.promiseChainRemote(serverConfigMomentum);\nrequire(\"../../../examples/helpers/logging.js\").configure(driver);\nsetDriverMethods(driver);\nconst  desiredCaps = {\n    platformName: 'Android',\n    \"automationName\": \"UiAutomator2\",\n    \"autoGrantPermissions\": true,\n    \"app\":DATA.CLOUD['momentum.app'],\n    \"fullReset\": true,\n    \"noReset\": false,\n    \"deviceName\": \"\",\n    \"udid\": \"\",\n    \"momentum:user\":DATA.CLOUD['momentum.user'],\n    \"momentum:token\":DATA.CLOUD['momentum.token'],\n    \"momentum:gw\": DATA.CLOUD['momentum.deviceList'][0]\n};\nreturn driver\n    .init(desiredCaps)\n    .setImplicitWaitTimeout(8000);",
              "err": {},
              "uuid": "7102b05e-7fc0-47ff-a11a-45fc69f2aa24",
              "parentUUID": "50bf7e1f-ca3a-42cb-9e47-d16b398c90b6",
              "isHook": true,
              "skipped": false
            }
          ],
          "afterHooks": [
            {
              "title": "\"after all\" hook in \"sample test\"",
              "fullTitle": "sample test \"after all\" hook in \"sample test\"",
              "timedOut": false,
              "duration": 2280,
              "state": null,
              "speed": null,
              "pass": false,
              "fail": false,
              "pending": false,
              "context": null,
              "code": "return driver\n    .quit();",
              "err": {},
              "uuid": "65416bdf-6578-40f7-af52-e92782c471d4",
              "parentUUID": "50bf7e1f-ca3a-42cb-9e47-d16b398c90b6",
              "isHook": true,
              "skipped": false
            },
            {
              "title": "\"after each\" hook in \"sample test\"",
              "fullTitle": "sample test \"after each\" hook in \"sample test\"",
              "timedOut": false,
              "duration": 0,
              "state": null,
              "speed": null,
              "pass": false,
              "fail": false,
              "pending": false,
              "context": null,
              "code": "allPassed = allPassed && this.currentTest.state === 'passed';",
              "err": {},
              "uuid": "690aa445-a9b0-4f96-bad5-04cdd2b92178",
              "parentUUID": "50bf7e1f-ca3a-42cb-9e47-d16b398c90b6",
              "isHook": true,
              "skipped": false
            }
          ],
          "tests": [
            {
              "title": "login example with mobile test",
              "fullTitle": "sample test login example with mobile test",
              "timedOut": false,
              "duration": 7996,
              "state": "passed",
              "speed": "slow",
              "pass": true,
              "fail": false,
              "pending": false,
              "context": null,
              "code": "return driver.login(\"hakan\",\"12355\");",
              "err": {},
              "uuid": "f2ee0856-d159-44d9-9e8a-28ae7a7df78c",
              "parentUUID": "50bf7e1f-ca3a-42cb-9e47-d16b398c90b6",
              "isHook": false,
              "skipped": false
            },
            {
              "title": "api call example with axios 2",
              "fullTitle": "sample test api call example with axios 2",
              "timedOut": false,
              "duration": 64,
              "state": "passed",
              "speed": "medium",
              "pass": true,
              "fail": false,
              "pending": false,
              "context": null,
              "code": "return driver.example_axios();",
              "err": {},
              "uuid": "a99b2dff-49ee-4ea5-9a4e-e1aa7eda6eb9",
              "parentUUID": "50bf7e1f-ca3a-42cb-9e47-d16b398c90b6",
              "isHook": false,
              "skipped": false
            }
          ],
          "suites": [],
          "passes": [
            "f2ee0856-d159-44d9-9e8a-28ae7a7df78c",
            "a99b2dff-49ee-4ea5-9a4e-e1aa7eda6eb9"
          ],
          "failures": [],
          "pending": [],
          "skipped": [],
          "duration": 8060,
          "root": false,
          "rootEmpty": false,
          "_timeout": 300000
        }
      ],
      "passes": [],
      "failures": [],
      "pending": [],
      "skipped": [],
      "duration": 0,
      "root": true,
      "rootEmpty": true,
      "_timeout": 2000
    }
  ],
  "meta": {
    "mocha": {
      "version": "10.2.0"
    },
    "mochawesome": {
      "options": {
        "quiet": false,
        "reportFilename": "mochawesome",
        "saveHtml": true,
        "saveJson": true,
        "consoleReporter": "spec",
        "useInlineDiffs": false,
        "code": true
      },
      "version": "7.1.3"
    },
    "marge": {
      "options": null,
      "version": "6.2.0"
    }
  }
}