{
  "stats": {
    "suites": 1,
    "tests": 3,
    "passes": 2,
    "pending": 0,
    "failures": 1,
    "start": "2023-05-08T06:45:49.960Z",
    "end": "2023-05-08T06:46:08.319Z",
    "duration": 18359,
    "testsRegistered": 3,
    "passPercent": 66.66666666666666,
    "pendingPercent": 0,
    "other": 0,
    "hasOther": false,
    "skipped": 0,
    "hasSkipped": false
  },
  "results": [
    {
      "uuid": "b3dabd00-2585-4db0-a0c7-e283a175d6d4",
      "title": "",
      "fullFile": "/Users/hakantektas/git_clone/wd-mocha-appium-momentumsuite/examples/getting-started/specs/firstTest.js",
      "file": "/examples/getting-started/specs/firstTest.js",
      "beforeHooks": [],
      "afterHooks": [],
      "tests": [],
      "suites": [
        {
          "uuid": "4a1e16ca-8420-4f52-9608-4287998471de",
          "title": "sample test",
          "fullFile": "/Users/hakantektas/git_clone/wd-mocha-appium-momentumsuite/examples/getting-started/specs/firstTest.js",
          "file": "/examples/getting-started/specs/firstTest.js",
          "beforeHooks": [
            {
              "title": "\"before all\" hook in \"sample test\"",
              "fullTitle": "sample test \"before all\" hook in \"sample test\"",
              "timedOut": false,
              "duration": 8224,
              "state": null,
              "speed": null,
              "pass": false,
              "fail": false,
              "pending": false,
              "context": null,
              "code": "driver = wd.promiseChainRemote(serverConfigMomentum);\nrequire(\"../../../examples/helpers/logging.js\").configure(driver);\nsetDriverMethods(driver);\nconst  desiredCaps = {\n    platformName: 'Android',\n    \"automationName\": \"UiAutomator2\",\n    \"autoGrantPermissions\": true,\n    \"app\":DATA.CLOUD['momentum.app'],\n    \"fullReset\": true,\n    \"noReset\": false,\n    \"deviceName\": \"\",\n    \"udid\": \"\",\n    \"momentum:user\":DATA.CLOUD['momentum.user'],\n    \"momentum:token\":DATA.CLOUD['momentum.token'],\n    \"momentum:gw\": DATA.CLOUD['momentum.deviceList'][0]\n};\nreturn driver\n    .init(desiredCaps)\n    .setImplicitWaitTimeout(8000);",
              "err": {},
              "uuid": "90760f30-ab65-4d8f-9eb1-e6e6fd35a80d",
              "parentUUID": "4a1e16ca-8420-4f52-9608-4287998471de",
              "isHook": true,
              "skipped": false
            }
          ],
          "afterHooks": [
            {
              "title": "\"after all\" hook in \"sample test\"",
              "fullTitle": "sample test \"after all\" hook in \"sample test\"",
              "timedOut": false,
              "duration": 1462,
              "state": null,
              "speed": null,
              "pass": false,
              "fail": false,
              "pending": false,
              "context": null,
              "code": "return driver\n    .quit();",
              "err": {},
              "uuid": "a52076e3-f644-4e90-b13c-8456688943a6",
              "parentUUID": "4a1e16ca-8420-4f52-9608-4287998471de",
              "isHook": true,
              "skipped": false
            },
            {
              "title": "\"after each\" hook in \"sample test\"",
              "fullTitle": "sample test \"after each\" hook in \"sample test\"",
              "timedOut": false,
              "duration": 0,
              "state": null,
              "speed": null,
              "pass": false,
              "fail": false,
              "pending": false,
              "context": null,
              "code": "allPassed = allPassed && this.currentTest.state === 'passed';",
              "err": {},
              "uuid": "17e7f55c-0cb0-47ba-8f5a-0c8eb3093f87",
              "parentUUID": "4a1e16ca-8420-4f52-9608-4287998471de",
              "isHook": true,
              "skipped": false
            }
          ],
          "tests": [
            {
              "title": "login example with mobile test",
              "fullTitle": "sample test login example with mobile test",
              "timedOut": false,
              "duration": 8535,
              "state": "passed",
              "speed": "slow",
              "pass": true,
              "fail": false,
              "pending": false,
              "context": null,
              "code": "return driver.login(\"hakan\",\"12355\");",
              "err": {},
              "uuid": "992870bf-445a-42fa-9a6a-eacb744c8e71",
              "parentUUID": "4a1e16ca-8420-4f52-9608-4287998471de",
              "isHook": false,
              "skipped": false
            },
            {
              "title": "api call example with axios 2",
              "fullTitle": "sample test api call example with axios 2",
              "timedOut": false,
              "duration": 127,
              "state": "passed",
              "speed": "slow",
              "pass": true,
              "fail": false,
              "pending": false,
              "context": null,
              "code": "return driver.example_axios();",
              "err": {},
              "uuid": "f5792376-036e-43de-bff1-bfc5ffc94508",
              "parentUUID": "4a1e16ca-8420-4f52-9608-4287998471de",
              "isHook": false,
              "skipped": false
            },
            {
              "title": "api call example with axios 2",
              "fullTitle": "sample test api call example with axios 2",
              "timedOut": false,
              "duration": 1,
              "state": "failed",
              "speed": null,
              "pass": false,
              "fail": true,
              "pending": false,
              "context": null,
              "code": "return driver.example_axios3();",
              "err": {
                "message": "TypeError: driver.example_axios3 is not a function",
                "estack": "TypeError: driver.example_axios3 is not a function\n    at Context.<anonymous> (examples/getting-started/specs/firstTest.js:65:23)\n    at process.processImmediate (node:internal/timers:475:21)",
                "diff": null
              },
              "uuid": "4fe12add-f1b7-4266-9527-009388035725",
              "parentUUID": "4a1e16ca-8420-4f52-9608-4287998471de",
              "isHook": false,
              "skipped": false
            }
          ],
          "suites": [],
          "passes": [
            "992870bf-445a-42fa-9a6a-eacb744c8e71",
            "f5792376-036e-43de-bff1-bfc5ffc94508"
          ],
          "failures": [
            "4fe12add-f1b7-4266-9527-009388035725"
          ],
          "pending": [],
          "skipped": [],
          "duration": 8663,
          "root": false,
          "rootEmpty": false,
          "_timeout": 300000
        }
      ],
      "passes": [],
      "failures": [],
      "pending": [],
      "skipped": [],
      "duration": 0,
      "root": true,
      "rootEmpty": true,
      "_timeout": 2000
    }
  ],
  "meta": {
    "mocha": {
      "version": "10.2.0"
    },
    "mochawesome": {
      "options": {
        "quiet": false,
        "reportFilename": "mochawesome",
        "saveHtml": true,
        "saveJson": true,
        "consoleReporter": "spec",
        "useInlineDiffs": false,
        "code": true
      },
      "version": "7.1.3"
    },
    "marge": {
      "options": null,
      "version": "6.2.0"
    }
  }
}